
=== Spawned fetch_and_dump for https://www.theblock.co/post/371248/bnb-hits-1000-for-first-time-as-altcoins-outpace-bitcoin-after-fed-rate-cut?utm_source=rss&utm_medium=rss at 2025-09-18T22:01:46.995Z script=C:\Program Files\nodejs\node.exe C:\cointistreact\scripts\fetch_and_dump.js --url=https://www.theblock.co/post/371248/bnb-hits-1000-for-first-time-as-altcoins-outpace-bitcoin-after-fed-rate-cut?utm_source=rss&utm_medium=rss --out=C:\cointistreact\tmp\source-for-rephrase-https___www_theblock_co_post_371248_bnb-hits-1000-for-first-time-as-altcoins-out.txt invocation=C:\cointistreact\tmp\pipeline-invocation-1758232906580.json ===
Fetch error: HTTP 403
--- response snippet:
<!DOCTYPE html>
<!--[if lt IE 7]> <html class="no-js ie6 oldie" lang="en-US"> <![endif]-->
<!--[if IE 7]>    <html class="no-js ie7 oldie" lang="en-US"> <![endif]-->
<!--[if IE 8]>    <html class="no-js ie8 oldie" lang="en-US"> <![endif]-->
<!--[if gt IE 8]><!--> <html class="no-js" lang="en-US"> <!--<![endif]-->
<head>
<title>Attention Required! | Cloudflare</title>
<meta charset="UTF-8" />
<meta http-equiv="Content-Type" content="text/html; charset=UTF-8" />
<meta http-equiv="X-UA-Compatible" content="IE=Edge" />
<meta name="robots" content="noindex, nofollow" />
<meta name="viewport" content="width=device-width,initial-scale=1" />
<link rel="stylesheet" id="cf_styles-css" href="/cdn-cgi/styles/cf.errors.css" />
<!--[if lt IE 9]><link rel="stylesheet" id='cf_styles-ie-css' href="/cdn-cgi/styles/cf.errors.ie.css" /><![endif]-->
<style>body{margin:0;padding:0}</style>


<!--[if gte IE 10]><!-->
<script>
  if (!navigator.cookieEnabled) {
    window.addEventListener('DOMContentLoaded', function () {
      var cookieEl = document.getElementById('cookie-alert');
      cookieEl.style.display = 'block';
    })
  }
</script>
<!--<![endif]-->


</head>
<body>
  <div id="cf-wrapper">
    <div class="cf-alert cf-alert-error cf-cookie-error" id="cookie-alert" data-translate="enable_cookies">Please enable cookies.</div>
    <div id="cf-error-details" class="cf-error-details-wrapper">
      <div class="cf-wrapper cf-header cf-error-overview">
        <h1 data-translate="block_headline">Sorry, you have been blocked</h1>
        <h2 class="cf-subheadline"><span data-translate="unable_to_access">You are unable to access</span> theblock.co</h2>
      </div><!-- /.header -->

      <div class="cf-section cf-highlight">
        <div class="cf-wrapper">
          <div class="cf-screenshot-container cf-screenshot-full">
            
              <span class="cf-no-screenshot error"></span>
            
          </div>
        </div>
      </div><!-- /.captcha-container -->

      <div
--- response headers: {"cache-control":"private, max-age=0, no-store, no-cache, must-revalidate, post-check=0, pre-check=0","cf-ray":"98141fce6f19cda6-LHR","connection":"keep-alive","content-encoding":"br","content-type":"text/html; charset=UTF-8","date":"Thu, 18 Sep 2025 22:01:51 GMT","expires":"Thu, 01 Jan 1970 00:00:01 GMT","permissions-policy":"microphone=(), camera=()","referrer-policy":"same-origin, strict-origin-when-cross-origin","server":"cloudflare","set-cookie":"__cf_bm=H8EphBN56t0B83H7xaI1PBfgmoQ4d6yQNjUEknswhqk-1758232911-1.0.1.1-nMym0zrXbRco_2FbUXalVBInBoPCv1UWPjN7fxS6jxvtgFmU.uj3wv76ofoEqz52gFnqXPGKzKdYhYpLb61g07fFsqUBjoczwv69L1jszEk; path=/; expires=Thu, 18-Sep-25 22:31:51 GMT; domain=.theblock.co; HttpOnly; Secure; SameSite=None","strict-transport-security":"max-age=31536000; includeSubDomains; preload","transfer-encoding":"chunked","vary":"Accept-Encoding","x-content-type-options":"nosniff","x-frame-options":"SAMEORIGIN"}

=== child exit code=3 at 2025-09-18T22:01:49.998Z ===
