2025-09-01T20:54:49.2183489+05:00|C:\cointistreact\.next\types|Changed
2025-09-01T20:54:49.3161586+05:00|C:\cointistreact\.next|Changed
2025-09-01T20:54:49.3264991+05:00|C:\cointistreact\.next\package.json|Created
2025-09-01T20:54:49.3264991+05:00|C:\cointistreact\.next\package.json|Changed
2025-09-01T20:54:49.3344112+05:00|C:\cointistreact\.next|Changed
2025-09-01T20:54:49.3344112+05:00|C:\cointistreact\.next|Changed
2025-09-01T20:54:49.4394973+05:00|C:\cointistreact\.next|Changed
2025-09-01T20:54:49.4394973+05:00|C:\cointistreact\.next\react-loadable-manifest.json|Created
2025-09-01T20:54:49.4636300+05:00|C:\cointistreact\.next|Changed
2025-09-01T20:54:49.4636300+05:00|C:\cointistreact\.next\build-manifest.json|Created
2025-09-01T20:54:49.4682311+05:00|C:\cointistreact\.next|Changed
2025-09-01T20:54:49.4701495+05:00|C:\cointistreact\.next\server\middleware-react-loadable-manifest.js|Created
2025-09-01T20:54:49.4718819+05:00|C:\cointistreact\.next\server\middleware-build-manifest.js|Created
2025-09-01T20:54:49.4718819+05:00|C:\cointistreact\.next\server|Changed
2025-09-01T20:54:49.4980491+05:00|C:\cointistreact\.next\static|Changed
2025-09-01T20:54:49.4980491+05:00|C:\cointistreact\.next\static\development|Changed
2025-09-01T20:54:49.4999744+05:00|C:\cointistreact\.next\static\development\_ssgManifest.js|Created
2025-09-01T20:54:49.4999744+05:00|C:\cointistreact\.next\static\development|Changed
2025-09-01T20:54:49.5060047+05:00|C:\cointistreact\.next\server\middleware-react-loadable-manifest.js|Changed
2025-09-01T20:54:49.5080149+05:00|C:\cointistreact\.next\static\development\_buildManifest.js|Changed
2025-09-01T20:54:49.5080149+05:00|C:\cointistreact\.next\static\chunks\polyfills.js|Changed
2025-09-01T20:54:49.5103479+05:00|C:\cointistreact\.next\server\next-font-manifest.js|Changed
2025-09-01T20:54:49.5130426+05:00|C:\cointistreact\.next\server\next-font-manifest.json|Changed
2025-09-01T20:54:49.5171837+05:00|C:\cointistreact\.next\static\chunks|Changed
2025-09-01T20:54:49.5214344+05:00|C:\cointistreact\.next\static\development\_ssgManifest.js|Changed
2025-09-01T20:54:49.5214344+05:00|C:\cointistreact\.next\react-loadable-manifest.json|Changed
2025-09-01T20:54:49.5258463+05:00|C:\cointistreact\.next\static\development\_buildManifest.js|Created
2025-09-01T20:54:49.5276639+05:00|C:\cointistreact\.next\static|Changed
2025-09-01T20:54:49.5296700+05:00|C:\cointistreact\.next\server\next-font-manifest.js|Created
2025-09-01T20:54:49.5296700+05:00|C:\cointistreact\.next\server|Changed
2025-09-01T20:54:49.8474605+05:00|C:\cointistreact\.next\static\chunks\polyfills.js|Created
2025-09-01T20:54:49.8480483+05:00|C:\cointistreact\.next\server\next-font-manifest.json|Created
2025-09-01T20:54:50.1681598+05:00|C:\cointistreact\.next\build-manifest.json|Changed
2025-09-01T20:54:50.1681598+05:00|C:\cointistreact\.next\server\middleware-build-manifest.js|Changed
2025-09-01T20:54:50.4807422+05:00|C:\cointistreact\.next\server|Changed
2025-09-01T20:54:50.4835295+05:00|C:\cointistreact\.next\server\pages-manifest.json|Created
2025-09-01T20:54:50.7999529+05:00|C:\cointistreact\.next\server\pages-manifest.json|Changed
2025-09-01T20:54:50.8013692+05:00|C:\cointistreact\.next\server|Changed
2025-09-01T20:54:51.1044163+05:00|C:\cointistreact\.next\server\interception-route-rewrite-manifest.js|Created
2025-09-01T20:54:51.1076730+05:00|C:\cointistreact\.next\server|Changed
2025-09-01T20:54:51.4158568+05:00|C:\cointistreact\.next\server\middleware-manifest.json|Created
2025-09-01T20:54:51.4175811+05:00|C:\cointistreact\.next\server|Changed
2025-09-01T20:54:51.7468968+05:00|C:\cointistreact\.next\server\interception-route-rewrite-manifest.js|Changed
2025-09-01T20:54:51.7474008+05:00|C:\cointistreact\.next\server\middleware-manifest.json|Changed
2025-09-01T20:54:52.0536273+05:00|C:\cointistreact\.next|Changed
2025-09-01T20:54:52.0557522+05:00|C:\cointistreact\.next\trace|Created
2025-09-01T20:54:52.3687181+05:00|C:\cointistreact\.next|Changed
2025-09-01T20:54:52.3687181+05:00|C:\cointistreact\.next\types\routes.d.ts|Created
2025-09-01T20:54:52.6856586+05:00|C:\cointistreact\.next\types\routes.d.ts|Changed
2025-09-01T20:54:52.6856586+05:00|C:\cointistreact\.next\routes-manifest.json|Created
2025-09-01T20:54:52.9900737+05:00|C:\cointistreact\.next\routes-manifest.json|Changed
2025-09-01T20:54:52.9900737+05:00|C:\cointistreact\.next|Changed
2025-09-01T20:54:53.3754420+05:00|C:\cointistreact\.next\prerender-manifest.json|Created
2025-09-01T20:54:53.3754420+05:00|C:\cointistreact\.next|Changed
2025-09-01T20:54:53.6847226+05:00|C:\cointistreact\.next\prerender-manifest.json|Changed
2025-09-01T20:54:53.6862254+05:00|C:\cointistreact\.next\types|Changed
2025-09-01T20:54:53.9948937+05:00|C:\cointistreact\.next\types\routes.d.ts|Changed
2025-09-01T20:54:54.0045281+05:00|C:\cointistreact\.next\react-loadable-manifest.json|Changed
2025-09-01T20:54:54.3099307+05:00|C:\cointistreact\.next\build-manifest.json|Changed
2025-09-01T20:54:54.3119405+05:00|C:\cointistreact\.next\types\routes.d.ts|Changed
2025-09-01T20:54:54.6288704+05:00|C:\cointistreact\.next\static\development\_ssgManifest.js|Changed
2025-09-01T20:54:54.6326501+05:00|C:\cointistreact\.next\static\development\_buildManifest.js|Changed
2025-09-01T20:54:54.9502146+05:00|C:\cointistreact\.next\server\middleware-react-loadable-manifest.js|Changed
2025-09-01T20:54:54.9502146+05:00|C:\cointistreact\.next\types\validator.ts|Created
2025-09-01T20:54:55.2648977+05:00|C:\cointistreact\.next\server\middleware-build-manifest.js|Changed
2025-09-01T20:54:55.2694428+05:00|C:\cointistreact\.next\server\next-font-manifest.js|Changed
2025-09-01T20:54:55.5928408+05:00|C:\cointistreact\.next\react-loadable-manifest.json|Changed
2025-09-01T20:54:55.5928408+05:00|C:\cointistreact\.next\server\next-font-manifest.json|Changed
2025-09-01T20:54:55.9041393+05:00|C:\cointistreact\.next\build-manifest.json|Changed
2025-09-01T20:54:55.9062567+05:00|C:\cointistreact\.next\static\development\_ssgManifest.js|Changed
2025-09-01T20:54:56.2113797+05:00|C:\cointistreact\.next\static\development\_buildManifest.js|Changed
2025-09-01T20:54:56.2133866+05:00|C:\cointistreact\.next\server\middleware-react-loadable-manifest.js|Changed
2025-09-01T20:54:56.5284423+05:00|C:\cointistreact\.next\types\validator.ts|Changed
2025-09-01T20:54:56.5328979+05:00|C:\cointistreact\.next\server\middleware-build-manifest.js|Changed
2025-09-01T20:54:56.8389544+05:00|C:\cointistreact\.next\server\next-font-manifest.js|Changed
2025-09-01T20:54:56.8389544+05:00|C:\cointistreact\.next\server\next-font-manifest.json|Changed
2025-09-01T20:54:57.1468948+05:00|C:\cointistreact\.next\server\pages-manifest.json|Changed
2025-09-01T20:54:57.1504011+05:00|C:\cointistreact\.next\server\pages-manifest.json|Changed
2025-09-01T20:54:57.4668822+05:00|C:\cointistreact\.next\server\interception-route-rewrite-manifest.js|Changed
2025-09-01T20:54:57.4701645+05:00|C:\cointistreact\.next\server\pages-manifest.json|Changed
2025-09-01T20:54:57.7833374+05:00|C:\cointistreact\.next\server\middleware-manifest.json|Changed
2025-09-01T20:54:57.7833374+05:00|C:\cointistreact\.next\server\interception-route-rewrite-manifest.js|Changed
2025-09-01T20:54:58.1188213+05:00|C:\cointistreact\.next\server\middleware-manifest.json|Changed
2025-09-01T20:54:58.1188213+05:00|C:\cointistreact\.next\server\pages-manifest.json|Changed
2025-09-01T20:54:58.4321931+05:00|C:\cointistreact\.next\server\interception-route-rewrite-manifest.js|Changed
2025-09-01T20:54:58.4329456+05:00|C:\cointistreact\.next\server\middleware.js|Created
2025-09-01T20:54:58.7438727+05:00|C:\cointistreact\.next\server\pages-manifest.json|Changed
2025-09-01T20:54:58.7518480+05:00|C:\cointistreact\.next\server\middleware-manifest.json|Changed
2025-09-01T20:54:59.0705254+05:00|C:\cointistreact\.next\server\interception-route-rewrite-manifest.js|Changed
2025-09-01T20:54:59.0739252+05:00|C:\cointistreact\.next\server\edge-runtime-webpack.js|Created
2025-09-01T20:54:59.3846858+05:00|C:\cointistreact\.next\server\pages-manifest.json|Changed
2025-09-01T20:54:59.3866957+05:00|C:\cointistreact\.next\server|Changed
2025-09-01T20:54:59.7035926+05:00|C:\cointistreact\.next\server\middleware-manifest.json|Changed
2025-09-01T20:54:59.7035926+05:00|C:\cointistreact\.next\server|Changed
2025-09-01T20:55:00.0167838+05:00|C:\cointistreact\.next\server\middleware.js|Changed
2025-09-01T20:55:00.0167838+05:00|C:\cointistreact\.next\server\edge-runtime-webpack.js|Changed
2025-09-01T20:55:00.3290826+05:00|C:\cointistreact\.next\server\static\webpack\633457081244afec._.hot-update.json|Created
2025-09-01T20:55:00.3290826+05:00|C:\cointistreact\.next\server\static\webpack\633457081244afec._.hot-update.json|Changed
2025-09-01T20:55:00.7017624+05:00|C:\cointistreact\.next\server\static|Changed
2025-09-01T20:55:00.7412969+05:00|C:\cointistreact\.next\server\static\webpack|Changed
2025-09-01T20:55:01.0907332+05:00|C:\cointistreact\.next\static\chunks|Changed
2025-09-01T20:55:01.0928046+05:00|C:\cointistreact\.next\static|Changed
2025-09-01T20:55:01.4028880+05:00|C:\cointistreact\.next\react-loadable-manifest.json|Changed
2025-09-01T20:55:01.4065186+05:00|C:\cointistreact\.next\build-manifest.json|Changed
2025-09-01T20:55:01.7168296+05:00|C:\cointistreact\.next\static\development\_ssgManifest.js|Changed
2025-09-01T20:55:01.7188367+05:00|C:\cointistreact\.next\server\middleware-react-loadable-manifest.js|Changed
2025-09-01T20:55:02.0318950+05:00|C:\cointistreact\.next\static\chunks\main.js|Created
2025-09-01T20:55:02.0335214+05:00|C:\cointistreact\.next\static\chunks|Changed
2025-09-01T20:55:02.3494808+05:00|C:\cointistreact\.next\static\chunks\pages\_app.js|Created
2025-09-01T20:55:02.3494808+05:00|C:\cointistreact\.next\static\chunks\react-refresh.js|Created
2025-09-01T20:55:02.6667842+05:00|C:\cointistreact\.next\static\chunks|Changed
2025-09-01T20:55:02.6688010+05:00|C:\cointistreact\.next\static\chunks\pages|Changed
2025-09-01T20:55:02.9805060+05:00|C:\cointistreact\.next\static\chunks\pages\admin.js|Created
2025-09-01T20:55:02.9884085+05:00|C:\cointistreact\.next\static\chunks\pages\_error.js|Created
2025-09-01T20:55:03.2998708+05:00|C:\cointistreact\.next\static\chunks\webpack.js|Created
2025-09-01T20:55:03.3018797+05:00|C:\cointistreact\.next\static\chunks|Changed
2025-09-01T20:55:03.6064688+05:00|C:\cointistreact\.next\server\middleware-build-manifest.js|Changed
2025-09-01T20:55:03.6064688+05:00|C:\cointistreact\.next\static\chunks\_pages-dir-browser_node_modules_next_dist_pages__error_js.js|Created
2025-09-01T20:55:03.9144258+05:00|C:\cointistreact\.next\static\chunks\_pages-dir-browser_node_modules_next_dist_pages__app_js.js|Created
2025-09-01T20:55:03.9161756+05:00|C:\cointistreact\.next\static\webpack\633457081244afec._.hot-update.json|Created
2025-09-01T20:55:04.2334479+05:00|C:\cointistreact\.next\react-loadable-manifest.json|Changed
2025-09-01T20:55:04.2334479+05:00|C:\cointistreact\.next\static\development\_buildManifest.js|Changed
2025-09-01T20:55:04.5431370+05:00|C:\cointistreact\.next\build-manifest.json|Changed
2025-09-01T20:55:04.5436495+05:00|C:\cointistreact\.next\static\development\_ssgManifest.js|Changed
2025-09-01T20:55:04.8579793+05:00|C:\cointistreact\.next\server\middleware-react-loadable-manifest.js|Changed
2025-09-01T20:55:04.8579793+05:00|C:\cointistreact\.next\static\chunks\react-refresh.js|Changed
2025-09-01T20:55:05.1653927+05:00|C:\cointistreact\.next\static\chunks\pages\_error.js|Changed
2025-09-01T20:55:05.1705515+05:00|C:\cointistreact\.next\static\chunks\webpack.js|Changed
2025-09-01T20:55:05.4863790+05:00|C:\cointistreact\.next\static\chunks\pages\_app.js|Changed
2025-09-01T20:55:05.4873702+05:00|C:\cointistreact\.next\static\chunks|Changed
2025-09-01T20:55:05.8039610+05:00|C:\cointistreact\.next\static\chunks\pages|Changed
2025-09-01T20:55:05.8064966+05:00|C:\cointistreact\.next\static\chunks\_pages-dir-browser_node_modules_next_dist_pages__error_js.js|Changed
2025-09-01T20:55:06.1216785+05:00|C:\cointistreact\.next\static\chunks\_pages-dir-browser_node_modules_next_dist_pages__app_js.js|Changed
2025-09-01T20:55:06.1240250+05:00|C:\cointistreact\.next\server\middleware-build-manifest.js|Changed
2025-09-01T20:55:06.4333489+05:00|C:\cointistreact\.next\static\development\_buildManifest.js|Changed
2025-09-01T20:55:06.5055951+05:00|C:\cointistreact\.next\static\webpack\633457081244afec._.hot-update.json|Changed
2025-09-01T20:55:06.8697703+05:00|C:\cointistreact\.next\server\next-font-manifest.js|Changed
2025-09-01T20:55:06.8724630+05:00|C:\cointistreact\.next\static\webpack|Changed
2025-09-01T20:55:07.3057704+05:00|C:\cointistreact\.next\static\chunks\pages\admin.js|Changed
2025-09-01T20:55:07.3072032+05:00|C:\cointistreact\.next\server\next-font-manifest.json|Changed
2025-09-01T20:55:07.6233167+05:00|C:\cointistreact\.next\static\chunks\main.js|Changed
2025-09-01T20:55:07.6233167+05:00|C:\cointistreact\.next\server\next-font-manifest.js|Changed
2025-09-01T20:55:07.9385546+05:00|C:\cointistreact\.next\server\next-font-manifest.json|Changed
2025-09-01T20:55:07.9407461+05:00|C:\cointistreact\.next\server|Changed
2025-09-01T20:55:08.2666452+05:00|C:\cointistreact\.next\server|Changed
2025-09-01T20:55:08.2666452+05:00|C:\cointistreact\.next\server\pages-manifest.json|Changed
2025-09-01T20:55:08.5761977+05:00|C:\cointistreact\.next\server\webpack-runtime.js|Created
2025-09-01T20:55:08.5761977+05:00|C:\cointistreact\.next\server|Changed
2025-09-01T20:55:08.8842558+05:00|C:\cointistreact\.next\server\pages\admin.js|Created
2025-09-01T20:55:08.8872962+05:00|C:\cointistreact\.next\server\vendor-chunks\@swc.js|Created
2025-09-01T20:55:09.2009558+05:00|C:\cointistreact\.next\server\pages-manifest.json|Changed
2025-09-01T20:55:09.2019442+05:00|C:\cointistreact\.next\server\vendor-chunks\next.js|Created
2025-09-01T20:55:09.5165986+05:00|C:\cointistreact\.next\server\pages|Changed
2025-09-01T20:55:09.5180899+05:00|C:\cointistreact\.next\server\vendor-chunks|Changed
2025-09-01T20:55:09.8258973+05:00|C:\cointistreact\.next\server\pages\_document.js|Created
2025-09-01T20:55:09.8263082+05:00|C:\cointistreact\.next\server\pages|Changed
2025-09-01T20:55:10.1634309+05:00|C:\cointistreact\.next\server\vendor-chunks|Changed
2025-09-01T20:55:10.1634309+05:00|C:\cointistreact\.next\server\pages\_error.js|Created
2025-09-01T20:55:10.4792669+05:00|C:\cointistreact\.next\server\webpack-runtime.js|Changed
2025-09-01T20:55:10.5114476+05:00|C:\cointistreact\.next\server\pages|Changed
2025-09-01T20:55:10.8493395+05:00|C:\cointistreact\.next\server\pages\_app.js|Created
2025-09-01T20:55:10.8532204+05:00|C:\cointistreact\.next\server\vendor-chunks\@swc.js|Changed
2025-09-01T20:55:11.1879068+05:00|C:\cointistreact\.next\server\pages\admin.js|Changed
2025-09-01T20:55:11.1984800+05:00|C:\cointistreact\.next\server\pages\_document.js|Changed
2025-09-01T20:55:11.5187379+05:00|C:\cointistreact\.next\server\pages\_app.js|Changed
2025-09-01T20:55:11.5187379+05:00|C:\cointistreact\.next\server\pages|Changed
2025-09-01T20:55:11.8322837+05:00|C:\cointistreact\.next\server\pages\_error.js|Changed
2025-09-01T20:55:11.8322837+05:00|C:\cointistreact\.next\server\vendor-chunks\next.js|Changed
